#! /usr/bin/vvp
:ivl_version "10.3 (stable)";
:ivl_delay_selection "TYPICAL";
:vpi_time_precision + 0;
:vpi_module "system";
:vpi_module "vhdl_sys";
:vpi_module "v2005_math";
:vpi_module "va_math";
S_0x55993243e160 .scope module, "mkTb" "mkTb" 2 29;
 .timescale 0 0;
    .port_info 0 /INPUT 1 "CLK"
    .port_info 1 /INPUT 1 "RST_N"
o0x7f7f4c5fb018 .functor BUFZ 1, C4<z>; HiZ drive
v0x55993243e320_0 .net "CLK", 0 0, o0x7f7f4c5fb018;  0 drivers
o0x7f7f4c5fb048 .functor BUFZ 1, C4<z>; HiZ drive
v0x5599324804d0_0 .net "RST_N", 0 0, o0x7f7f4c5fb048;  0 drivers
E_0x55993244f570 .event negedge, v0x55993243e320_0;
    .scope S_0x55993243e160;
T_0 ;
    %wait E_0x55993244f570;
    %delay 0, 0;
    %vpi_call 2 40 "$display", "Hello World!" {0 0 0};
    %vpi_call 2 41 "$finish", 32'b00000000000000000000000000000000 {0 0 0};
    %jmp T_0;
    .thread T_0;
# The file index is used to find the file name in the following table.
:file_names 3;
    "N/A";
    "<interactive>";
    "mkTb.v";
